<?xml version="1.0" encoding="UTF-8"?>
<!-- Generated by org.testng.reporters.JUnitReportReporter -->
<testsuite skipped="0" hostname="EPUAKYIW2008" name="SumCalculatorTest" tests="4" failures="0" timestamp="2021-04-18T15:47:17 EEST" time="0.004" errors="0">
  <testcase name="aPlusBTest" time="0.000" classname="SumCalculatorTest"/>
  <system-out/>
  <testcase name="aPlusBTest" time="0.001" classname="SumCalculatorTest"/>
  <system-out/>
  <testcase name="aPlusBTest" time="0.000" classname="SumCalculatorTest"/>
  <system-out/>
  <testcase name="aPlusBTest" time="0.003" classname="SumCalculatorTest"/>
  <system-out/>
</testsuite> <!-- SumCalculatorTest -->
