<?xml version="1.0" encoding="UTF-8"?>
<!-- Generated by org.testng.reporters.JUnitReportReporter -->
<testsuite skipped="0" hostname="EPUAKYIW2008" name="SubtractionCalculatorTest" tests="1" failures="0" timestamp="2021-04-18T15:47:17 EEST" time="0.000" errors="0">
  <testcase name="twoMinusOneTest" time="0.000" classname="SubtractionCalculatorTest"/>
  <system-out/>
</testsuite> <!-- SubtractionCalculatorTest -->
